Feb 04 01:21:32 INFO main TrilloServer.java:48 Working Directory = /Users/anilsharma/workspace2/trillo-server/bin
Feb 04 01:21:33 INFO pool-3-thread-1 Version.java:17 HV000001: Hibernate Validator 5.2.2.Final
Feb 04 01:21:33 INFO main AbstractApplicationContext.java:577 Refreshing org.springframework.context.annotation.AnnotationConfigApplicationContext@20438bba: startup date [Sat Feb 04 01:21:33 PST 2017]; root of context hierarchy
Feb 04 01:21:33 INFO main AutowiredAnnotationBeanPostProcessor.java:153 JSR-330 'javax.inject.Inject' annotation found and supported for autowiring
Feb 04 01:21:33 INFO main PostProcessorRegistrationDelegate.java:328 Bean 'configurationPropertiesRebinderAutoConfiguration' of type [class org.springframework.cloud.autoconfigure.ConfigurationPropertiesRebinderAutoConfiguration$$EnhancerBySpringCGLIB$$a3c50b3a] is not eligible for getting processed by all BeanPostProcessors (for example: not eligible for auto-proxying)
Feb 04 01:21:34 INFO main SpringApplication.java:656 The following profiles are active: production
Feb 04 01:21:34 INFO main AbstractApplicationContext.java:577 Refreshing org.springframework.boot.context.embedded.AnnotationConfigEmbeddedWebApplicationContext@b00e54c: startup date [Sat Feb 04 01:21:34 PST 2017]; parent: org.springframework.context.annotation.AnnotationConfigApplicationContext@20438bba
Feb 04 01:21:36 INFO main DefaultListableBeanFactory.java:839 Overriding bean definition for bean 'simpleAuthenticationProvider' with a different definition: replacing [Generic bean: class [com.collager.trillo.security.SimpleAuthenticationProvider]; scope=singleton; abstract=false; lazyInit=false; autowireMode=0; dependencyCheck=0; autowireCandidate=true; primary=false; factoryBeanName=null; factoryMethodName=null; initMethodName=null; destroyMethodName=null; defined in URL [jar:file:/Users/anilsharma/workspace2/trillo-server/bin/trillo-server.jar!/lib/trillo-security-4.0.0-BUILD-SNAPSHOT.jar!/com/collager/trillo/security/SimpleAuthenticationProvider.class]] with [Root bean: class [null]; scope=; abstract=false; lazyInit=false; autowireMode=3; dependencyCheck=0; autowireCandidate=true; primary=false; factoryBeanName=com.collager.trillo.security.config.SecurityConfig; factoryMethodName=simpleAuthenticationProvider; initMethodName=null; destroyMethodName=(inferred); defined in class path resource [com/collager/trillo/security/config/SecurityConfig.class]]
Feb 04 01:21:36 INFO main DefaultListableBeanFactory.java:839 Overriding bean definition for bean 'statelessAuthenticationProvider' with a different definition: replacing [Generic bean: class [com.collager.trillo.security.StatelessAuthenticationProvider]; scope=singleton; abstract=false; lazyInit=false; autowireMode=0; dependencyCheck=0; autowireCandidate=true; primary=false; factoryBeanName=null; factoryMethodName=null; initMethodName=null; destroyMethodName=null; defined in URL [jar:file:/Users/anilsharma/workspace2/trillo-server/bin/trillo-server.jar!/lib/trillo-security-4.0.0-BUILD-SNAPSHOT.jar!/com/collager/trillo/security/StatelessAuthenticationProvider.class]] with [Root bean: class [null]; scope=; abstract=false; lazyInit=false; autowireMode=3; dependencyCheck=0; autowireCandidate=true; primary=false; factoryBeanName=com.collager.trillo.security.config.SecurityConfig; factoryMethodName=statelessAuthenticationProvider; initMethodName=null; destroyMethodName=(inferred); defined in class path resource [com/collager/trillo/security/config/SecurityConfig.class]]
Feb 04 01:21:36 INFO main DefaultListableBeanFactory.java:839 Overriding bean definition for bean 'routeLocator' with a different definition: replacing [Root bean: class [null]; scope=; abstract=false; lazyInit=false; autowireMode=3; dependencyCheck=0; autowireCandidate=true; primary=false; factoryBeanName=org.springframework.cloud.netflix.zuul.ZuulProxyConfiguration; factoryMethodName=routeLocator; initMethodName=null; destroyMethodName=(inferred); defined in class path resource [org/springframework/cloud/netflix/zuul/ZuulProxyConfiguration.class]] with [Root bean: class [null]; scope=; abstract=false; lazyInit=false; autowireMode=3; dependencyCheck=0; autowireCandidate=true; primary=true; factoryBeanName=com.collager.trillo.config.ZuulConfig; factoryMethodName=routeLocator; initMethodName=null; destroyMethodName=(inferred); defined in class path resource [com/collager/trillo/config/ZuulConfig.class]]
Feb 04 01:21:36 INFO main DefaultListableBeanFactory.java:839 Overriding bean definition for bean 'zuulController' with a different definition: replacing [Root bean: class [null]; scope=; abstract=false; lazyInit=false; autowireMode=3; dependencyCheck=0; autowireCandidate=true; primary=false; factoryBeanName=org.springframework.cloud.netflix.zuul.ZuulProxyConfiguration; factoryMethodName=zuulController; initMethodName=null; destroyMethodName=(inferred); defined in class path resource [org/springframework/cloud/netflix/zuul/ZuulProxyConfiguration.class]] with [Root bean: class [null]; scope=; abstract=false; lazyInit=false; autowireMode=3; dependencyCheck=0; autowireCandidate=true; primary=false; factoryBeanName=com.collager.trillo.config.ZuulConfig; factoryMethodName=zuulController; initMethodName=null; destroyMethodName=(inferred); defined in class path resource [com/collager/trillo/config/ZuulConfig.class]]
Feb 04 01:21:36 INFO main DefaultListableBeanFactory.java:839 Overriding bean definition for bean 'zuulHandlerMapping' with a different definition: replacing [Root bean: class [null]; scope=; abstract=false; lazyInit=false; autowireMode=3; dependencyCheck=0; autowireCandidate=true; primary=false; factoryBeanName=org.springframework.cloud.netflix.zuul.ZuulProxyConfiguration; factoryMethodName=zuulHandlerMapping; initMethodName=null; destroyMethodName=(inferred); defined in class path resource [org/springframework/cloud/netflix/zuul/ZuulProxyConfiguration.class]] with [Root bean: class [null]; scope=; abstract=false; lazyInit=false; autowireMode=3; dependencyCheck=0; autowireCandidate=true; primary=true; factoryBeanName=com.collager.trillo.config.ZuulConfig; factoryMethodName=zuulHandlerMapping; initMethodName=null; destroyMethodName=(inferred); defined in class path resource [com/collager/trillo/config/ZuulConfig.class]]
Feb 04 01:21:36 INFO main DefaultListableBeanFactory.java:839 Overriding bean definition for bean 'hystrixFeature' with a different definition: replacing [Root bean: class [null]; scope=; abstract=false; lazyInit=false; autowireMode=3; dependencyCheck=0; autowireCandidate=true; primary=false; factoryBeanName=org.springframework.cloud.netflix.hystrix.HystrixCircuitBreakerConfiguration$HystrixWebConfiguration; factoryMethodName=hystrixFeature; initMethodName=null; destroyMethodName=(inferred); defined in class path resource [org/springframework/cloud/netflix/hystrix/HystrixCircuitBreakerConfiguration$HystrixWebConfiguration.class]] with [Root bean: class [null]; scope=; abstract=false; lazyInit=false; autowireMode=3; dependencyCheck=0; autowireCandidate=true; primary=false; factoryBeanName=org.springframework.cloud.netflix.hystrix.HystrixCircuitBreakerConfiguration; factoryMethodName=hystrixFeature; initMethodName=null; destroyMethodName=(inferred); defined in class path resource [org/springframework/cloud/netflix/hystrix/HystrixCircuitBreakerConfiguration.class]]
Feb 04 01:21:36 INFO main DefaultListableBeanFactory.java:839 Overriding bean definition for bean 'ignoredPathsWebSecurityConfigurerAdapter' with a different definition: replacing [Root bean: class [null]; scope=; abstract=false; lazyInit=false; autowireMode=3; dependencyCheck=0; autowireCandidate=true; primary=false; factoryBeanName=org.springframework.boot.autoconfigure.security.SpringBootWebSecurityConfiguration; factoryMethodName=ignoredPathsWebSecurityConfigurerAdapter; initMethodName=null; destroyMethodName=(inferred); defined in class path resource [org/springframework/boot/autoconfigure/security/SpringBootWebSecurityConfiguration.class]] with [Root bean: class [null]; scope=; abstract=false; lazyInit=false; autowireMode=3; dependencyCheck=0; autowireCandidate=true; primary=false; factoryBeanName=org.springframework.boot.actuate.autoconfigure.ManagementWebSecurityAutoConfiguration; factoryMethodName=ignoredPathsWebSecurityConfigurerAdapter; initMethodName=null; destroyMethodName=(inferred); defined in class path resource [org/springframework/boot/actuate/autoconfigure/ManagementWebSecurityAutoConfiguration.class]]
Feb 04 01:21:36 INFO main GenericScope.java:263 BeanFactory id=f8450f4d-003a-37af-8deb-da4693965ba6
Feb 04 01:21:36 INFO main AutowiredAnnotationBeanPostProcessor.java:153 JSR-330 'javax.inject.Inject' annotation found and supported for autowiring
Feb 04 01:21:37 INFO main PostProcessorRegistrationDelegate.java:328 Bean 'org.springframework.cloud.autoconfigure.ConfigurationPropertiesRebinderAutoConfiguration' of type [class org.springframework.cloud.autoconfigure.ConfigurationPropertiesRebinderAutoConfiguration$$EnhancerBySpringCGLIB$$a3c50b3a] is not eligible for getting processed by all BeanPostProcessors (for example: not eligible for auto-proxying)
Feb 04 01:21:37 INFO main PostProcessorRegistrationDelegate.java:328 Bean 'org.springframework.cloud.autoconfigure.RefreshEndpointAutoConfiguration' of type [class org.springframework.cloud.autoconfigure.RefreshEndpointAutoConfiguration$$EnhancerBySpringCGLIB$$d6a30670] is not eligible for getting processed by all BeanPostProcessors (for example: not eligible for auto-proxying)
Feb 04 01:21:37 INFO main TomcatEmbeddedServletContainer.java:81 Tomcat initialized with port(s): 8090 (http)
Feb 04 01:21:37 INFO main DirectJDKLog.java:180 Starting service Tomcat
Feb 04 01:21:37 INFO main DirectJDKLog.java:180 Starting Servlet Engine: Apache Tomcat/8.0.28
Feb 04 01:21:37 INFO localhost-startStop-1 DirectJDKLog.java:180 Initializing Spring embedded WebApplicationContext
Feb 04 01:21:37 INFO localhost-startStop-1 EmbeddedWebApplicationContext.java:270 Root WebApplicationContext: initialization completed in 3642 ms
Feb 04 01:21:40 WARN localhost-startStop-1 URLConfigurationSource.java:121 No URLs will be polled as dynamic configuration sources.
Feb 04 01:21:40 INFO localhost-startStop-1 URLConfigurationSource.java:122 To enable URLs as dynamic configuration sources, define System property archaius.configurationSource.additionalUrls or make config.properties available on classpath.
Feb 04 01:21:40 INFO localhost-startStop-1 DynamicPropertyFactory.java:281 DynamicPropertyFactory is initialized with configuration sources: com.netflix.config.ConcurrentCompositeConfiguration@e28ed0e
Feb 04 01:21:40 INFO localhost-startStop-1 AbstractFilterRegistrationBean.java:258 Mapping filter: 'metricFilter' to: [/*]
Feb 04 01:21:40 INFO localhost-startStop-1 AbstractFilterRegistrationBean.java:258 Mapping filter: 'characterEncodingFilter' to: [/*]
Feb 04 01:21:40 INFO localhost-startStop-1 AbstractFilterRegistrationBean.java:258 Mapping filter: 'hiddenHttpMethodFilter' to: [/*]
Feb 04 01:21:40 INFO localhost-startStop-1 AbstractFilterRegistrationBean.java:258 Mapping filter: 'httpPutFormContentFilter' to: [/*]
Feb 04 01:21:40 INFO localhost-startStop-1 AbstractFilterRegistrationBean.java:258 Mapping filter: 'requestContextFilter' to: [/*]
Feb 04 01:21:40 INFO localhost-startStop-1 AbstractFilterRegistrationBean.java:258 Mapping filter: 'springSecurityFilterChain' to: [/*]
Feb 04 01:21:40 INFO localhost-startStop-1 AbstractFilterRegistrationBean.java:258 Mapping filter: 'webRequestLoggingFilter' to: [/*]
Feb 04 01:21:40 INFO localhost-startStop-1 AbstractFilterRegistrationBean.java:258 Mapping filter: 'pathRewriteFilter' to: [/*]
Feb 04 01:21:40 INFO localhost-startStop-1 AbstractFilterRegistrationBean.java:258 Mapping filter: 'ajaxAuthenticationFilter' to: [/*]
Feb 04 01:21:40 INFO localhost-startStop-1 AbstractFilterRegistrationBean.java:258 Mapping filter: 'statelessAuthenticationFilter' to: [/*]
Feb 04 01:21:40 INFO localhost-startStop-1 AbstractFilterRegistrationBean.java:258 Mapping filter: 'applicationContextIdFilter' to: [/*]
Feb 04 01:21:40 INFO localhost-startStop-1 ServletRegistrationBean.java:189 Mapping servlet: 'zuulServlet' to [/zuul/*]
Feb 04 01:21:40 INFO localhost-startStop-1 ServletRegistrationBean.java:189 Mapping servlet: 'dispatcherServlet' to [/]
Feb 04 01:21:40 INFO localhost-startStop-1 ZuulFilterInitializer.java:50 Starting filter initializer context listener
Feb 04 01:21:42 INFO localhost-startStop-1 AbstractHandlerMethodMapping.java:515 Mapped "{[/pause || /pause.json],methods=[POST]}" onto public java.lang.Object org.springframework.cloud.endpoint.GenericPostableMvcEndpoint.invoke()
Feb 04 01:21:42 INFO localhost-startStop-1 AbstractHandlerMethodMapping.java:515 Mapped "{[/env/{name:.*}],methods=[GET],produces=[application/json]}" onto public java.lang.Object org.springframework.boot.actuate.endpoint.mvc.EnvironmentMvcEndpoint.value(java.lang.String)
Feb 04 01:21:42 INFO localhost-startStop-1 AbstractHandlerMethodMapping.java:515 Mapped "{[/env || /env.json],methods=[GET],produces=[application/json]}" onto public java.lang.Object org.springframework.boot.actuate.endpoint.mvc.EndpointMvcAdapter.invoke()
Feb 04 01:21:42 INFO localhost-startStop-1 AbstractHandlerMethodMapping.java:515 Mapped "{[/trace || /trace.json],methods=[GET],produces=[application/json]}" onto public java.lang.Object org.springframework.boot.actuate.endpoint.mvc.EndpointMvcAdapter.invoke()
Feb 04 01:21:42 INFO localhost-startStop-1 AbstractHandlerMethodMapping.java:515 Mapped "{[/dump || /dump.json],methods=[GET],produces=[application/json]}" onto public java.lang.Object org.springframework.boot.actuate.endpoint.mvc.EndpointMvcAdapter.invoke()
Feb 04 01:21:42 INFO localhost-startStop-1 AbstractHandlerMethodMapping.java:515 Mapped "{[/beans || /beans.json],methods=[GET],produces=[application/json]}" onto public java.lang.Object org.springframework.boot.actuate.endpoint.mvc.EndpointMvcAdapter.invoke()
Feb 04 01:21:42 INFO localhost-startStop-1 AbstractHandlerMethodMapping.java:515 Mapped "{[/archaius || /archaius.json],methods=[GET],produces=[application/json]}" onto public java.lang.Object org.springframework.boot.actuate.endpoint.mvc.EndpointMvcAdapter.invoke()
Feb 04 01:21:42 INFO localhost-startStop-1 AbstractHandlerMethodMapping.java:515 Mapped "{[/routes || /routes.json],methods=[POST]}" onto public java.util.Map<java.lang.String, java.lang.String> org.springframework.cloud.netflix.zuul.RoutesEndpoint.reset()
Feb 04 01:21:42 INFO localhost-startStop-1 AbstractHandlerMethodMapping.java:515 Mapped "{[/routes || /routes.json],methods=[GET]}" onto public java.util.Map<java.lang.String, java.lang.String> org.springframework.cloud.netflix.zuul.RoutesEndpoint.getRoutes()
Feb 04 01:21:42 INFO localhost-startStop-1 AbstractHandlerMethodMapping.java:515 Mapped "{[/health || /health.json],produces=[application/json]}" onto public java.lang.Object org.springframework.boot.actuate.endpoint.mvc.HealthMvcEndpoint.invoke(java.security.Principal)
Feb 04 01:21:42 INFO localhost-startStop-1 AbstractHandlerMethodMapping.java:515 Mapped "{[/configprops || /configprops.json],methods=[GET],produces=[application/json]}" onto public java.lang.Object org.springframework.boot.actuate.endpoint.mvc.EndpointMvcAdapter.invoke()
Feb 04 01:21:42 INFO localhost-startStop-1 AbstractHandlerMethodMapping.java:515 Mapped "{[/autoconfig || /autoconfig.json],methods=[GET],produces=[application/json]}" onto public java.lang.Object org.springframework.boot.actuate.endpoint.mvc.EndpointMvcAdapter.invoke()
Feb 04 01:21:42 INFO localhost-startStop-1 AbstractHandlerMethodMapping.java:515 Mapped "{[/env],methods=[POST]}" onto public java.lang.Object org.springframework.cloud.context.environment.EnvironmentManagerMvcEndpoint.value(java.util.Map<java.lang.String, java.lang.String>)
Feb 04 01:21:42 INFO localhost-startStop-1 AbstractHandlerMethodMapping.java:515 Mapped "{[/env/reset],methods=[POST]}" onto public java.util.Map<java.lang.String, java.lang.Object> org.springframework.cloud.context.environment.EnvironmentManagerMvcEndpoint.reset()
Feb 04 01:21:42 INFO localhost-startStop-1 AbstractHandlerMethodMapping.java:515 Mapped "{[/restart || /restart.json],methods=[POST]}" onto public java.lang.Object org.springframework.cloud.context.restart.RestartMvcEndpoint.invoke()
Feb 04 01:21:42 INFO localhost-startStop-1 AbstractHandlerMethodMapping.java:515 Mapped "{[/hystrix.stream/**]}" onto public org.springframework.web.servlet.ModelAndView org.springframework.cloud.netflix.endpoint.ServletWrappingEndpoint.handle(javax.servlet.http.HttpServletRequest,javax.servlet.http.HttpServletResponse) throws java.lang.Exception
Feb 04 01:21:42 INFO localhost-startStop-1 AbstractHandlerMethodMapping.java:515 Mapped "{[/refresh || /refresh.json],methods=[POST]}" onto public java.lang.Object org.springframework.cloud.endpoint.GenericPostableMvcEndpoint.invoke()
Feb 04 01:21:42 INFO localhost-startStop-1 AbstractHandlerMethodMapping.java:515 Mapped "{[/mappings || /mappings.json],methods=[GET],produces=[application/json]}" onto public java.lang.Object org.springframework.boot.actuate.endpoint.mvc.EndpointMvcAdapter.invoke()
Feb 04 01:21:42 INFO localhost-startStop-1 AbstractHandlerMethodMapping.java:515 Mapped "{[/metrics/{name:.*}],methods=[GET],produces=[application/json]}" onto public java.lang.Object org.springframework.boot.actuate.endpoint.mvc.MetricsMvcEndpoint.value(java.lang.String)
Feb 04 01:21:42 INFO localhost-startStop-1 AbstractHandlerMethodMapping.java:515 Mapped "{[/metrics || /metrics.json],methods=[GET],produces=[application/json]}" onto public java.lang.Object org.springframework.boot.actuate.endpoint.mvc.EndpointMvcAdapter.invoke()
Feb 04 01:21:42 INFO localhost-startStop-1 AbstractHandlerMethodMapping.java:515 Mapped "{[/info || /info.json],methods=[GET],produces=[application/json]}" onto public java.lang.Object org.springframework.boot.actuate.endpoint.mvc.EndpointMvcAdapter.invoke()
Feb 04 01:21:42 INFO localhost-startStop-1 AbstractHandlerMethodMapping.java:515 Mapped "{[/resume || /resume.json],methods=[POST]}" onto public java.lang.Object org.springframework.cloud.endpoint.GenericPostableMvcEndpoint.invoke()
Feb 04 01:21:42 INFO localhost-startStop-1 DefaultSecurityFilterChain.java:28 Creating filter chain: Ant [pattern='/css/**'], []
Feb 04 01:21:42 INFO localhost-startStop-1 DefaultSecurityFilterChain.java:28 Creating filter chain: Ant [pattern='/js/**'], []
Feb 04 01:21:42 INFO localhost-startStop-1 DefaultSecurityFilterChain.java:28 Creating filter chain: Ant [pattern='/images/**'], []
Feb 04 01:21:42 INFO localhost-startStop-1 DefaultSecurityFilterChain.java:28 Creating filter chain: Ant [pattern='/**/favicon.ico'], []
Feb 04 01:21:42 INFO localhost-startStop-1 DefaultSecurityFilterChain.java:28 Creating filter chain: Ant [pattern='/error'], []
Feb 04 01:21:42 INFO localhost-startStop-1 DefaultSecurityFilterChain.java:28 Creating filter chain: org.springframework.security.web.util.matcher.AnyRequestMatcher@1, [org.springframework.security.web.context.request.async.WebAsyncManagerIntegrationFilter@24653036, org.springframework.security.web.context.SecurityContextPersistenceFilter@581c8a7f, org.springframework.security.web.header.HeaderWriterFilter@20f9a788, com.collager.trillo.security.StatelessCSRFFilter@74d009df, org.springframework.security.web.authentication.logout.LogoutFilter@4939111f, com.collager.trillo.security.AjaxAuthenticationFilter@4caa2fb4, com.collager.trillo.security.StatelessAuthenticationFilter@61d1d573, org.springframework.security.web.authentication.UsernamePasswordAuthenticationFilter@2951b708, org.springframework.security.web.authentication.www.BasicAuthenticationFilter@246c71b7, org.springframework.security.web.savedrequest.RequestCacheAwareFilter@cb5efb9, org.springframework.security.web.servletapi.SecurityContextHolderAwareRequestFilter@20179f86, org.springframework.security.web.authentication.AnonymousAuthenticationFilter@501d19ba, org.springframework.security.web.session.SessionManagementFilter@30569f14, org.springframework.security.web.access.ExceptionTranslationFilter@110617d3, org.springframework.security.web.access.intercept.FilterSecurityInterceptor@1f7506a3]
Feb 04 01:21:42 INFO localhost-startStop-1 DefaultSecurityFilterChain.java:28 Creating filter chain: org.springframework.boot.actuate.autoconfigure.ManagementWebSecurityAutoConfiguration$ManagementWebSecurityConfigurerAdapter$EndpointPathRequestMatcher@cc03953, [org.springframework.security.web.context.request.async.WebAsyncManagerIntegrationFilter@c4867c5, org.springframework.security.web.context.SecurityContextPersistenceFilter@16fa3fbd, org.springframework.security.web.header.HeaderWriterFilter@54472c92, org.springframework.security.web.authentication.logout.LogoutFilter@faa959b, org.springframework.security.web.authentication.www.BasicAuthenticationFilter@137ec209, org.springframework.security.web.savedrequest.RequestCacheAwareFilter@3b56174f, org.springframework.security.web.servletapi.SecurityContextHolderAwareRequestFilter@56189f0b, org.springframework.security.web.authentication.AnonymousAuthenticationFilter@2af64983, org.springframework.security.web.session.SessionManagementFilter@48b23b28, org.springframework.security.web.access.ExceptionTranslationFilter@45dd0b96, org.springframework.security.web.access.intercept.FilterSecurityInterceptor@3d237778]
Feb 04 01:21:42 INFO localhost-startStop-1 DefaultSecurityFilterChain.java:28 Creating filter chain: OrRequestMatcher [requestMatchers=[Ant [pattern='/**']]], [org.springframework.security.web.context.request.async.WebAsyncManagerIntegrationFilter@7fce1b72, org.springframework.security.web.context.SecurityContextPersistenceFilter@7cb08eac, org.springframework.security.web.header.HeaderWriterFilter@31cd08cd, org.springframework.security.web.authentication.logout.LogoutFilter@5c2b90ad, org.springframework.security.web.authentication.www.BasicAuthenticationFilter@2416b06a, org.springframework.security.web.savedrequest.RequestCacheAwareFilter@6da4dc8a, org.springframework.security.web.servletapi.SecurityContextHolderAwareRequestFilter@34762a93, org.springframework.security.web.authentication.AnonymousAuthenticationFilter@426002a2, org.springframework.security.web.session.SessionManagementFilter@2a3851a9, org.springframework.security.web.access.ExceptionTranslationFilter@25469868, org.springframework.security.web.access.intercept.FilterSecurityInterceptor@7b90d6f6]
Feb 04 01:21:43 INFO main ExecutorConfigurationSupport.java:165 Initializing ExecutorService  'clientInboundChannelExecutor'
Feb 04 01:21:43 INFO main ExecutorConfigurationSupport.java:165 Initializing ExecutorService  'clientOutboundChannelExecutor'
Feb 04 01:21:43 INFO main ExecutorConfigurationSupport.java:165 Initializing ExecutorService  'messageBrokerTaskScheduler'
Feb 04 01:21:43 INFO main AbstractUrlHandlerMapping.java:341 Mapped URL path [/websocket/**] onto handler of type [class org.springframework.web.socket.sockjs.support.SockJsHttpRequestHandler]
Feb 04 01:21:43 INFO main ExecutorConfigurationSupport.java:165 Initializing ExecutorService  'brokerChannelExecutor'
Feb 04 01:21:43 INFO main AbstractMethodMessageHandler.java:304 Mapped "{[/pingWS],messageType=[MESSAGE]}" onto public com.collager.trillo.pojo.Result com.collager.trillo.controller.WebSocketController.greeting(com.collager.trillo.pojo.Request) throws java.lang.Exception
Feb 04 01:21:43 INFO main Notifier.java:60 Notifier.Notifier() : org.springframework.messaging.simp.SimpMessagingTemplate@60038a69
Feb 04 01:21:44 INFO main RequestMappingHandlerAdapter.java:532 Looking for @ControllerAdvice: org.springframework.boot.context.embedded.AnnotationConfigEmbeddedWebApplicationContext@b00e54c: startup date [Sat Feb 04 01:21:34 PST 2017]; parent: org.springframework.context.annotation.AnnotationConfigApplicationContext@20438bba
Feb 04 01:21:44 INFO main AbstractHandlerMethodMapping.java:515 Mapped "{[/_requireLoginAjaxRes*],methods=[GET],produces=[application/json]}" onto public java.lang.String com.collager.trillo.security.controller.LoginController.invalidate(javax.servlet.http.HttpServletRequest,javax.servlet.http.HttpServletResponse)
Feb 04 01:21:44 INFO main AbstractHandlerMethodMapping.java:515 Mapped "{[/_login],methods=[GET]}" onto public java.lang.String com.collager.trillo.security.controller.LoginController.login(org.springframework.ui.Model,javax.servlet.http.HttpServletRequest,javax.servlet.http.HttpServletResponse,org.springframework.web.servlet.mvc.support.RedirectAttributes)
Feb 04 01:21:44 INFO main AbstractHandlerMethodMapping.java:515 Mapped "{[/_loginFailed],methods=[GET]}" onto public java.lang.String com.collager.trillo.security.controller.LoginController.loginerror(org.springframework.ui.Model,javax.servlet.http.HttpServletRequest,javax.servlet.http.HttpServletResponse,org.springframework.web.servlet.mvc.support.RedirectAttributes)
Feb 04 01:21:44 INFO main AbstractHandlerMethodMapping.java:515 Mapped "{[/_preauthsvc/user/signup],produces=[application/json]}" onto public com.collager.trillo.pojo.Result com.collager.trillo.security.controller.UserAuthController.signup(com.collager.trillo.entity.User,org.springframework.validation.BindingResult,javax.servlet.http.HttpServletRequest)
Feb 04 01:21:44 INFO main AbstractHandlerMethodMapping.java:515 Mapped "{[/_preauthsvc/user/resetPassword],produces=[application/json]}" onto public com.collager.trillo.pojo.Result com.collager.trillo.security.controller.UserAuthController.resetPassword(com.collager.trillo.entity.User,org.springframework.validation.BindingResult,javax.servlet.http.HttpServletRequest)
Feb 04 01:21:44 INFO main AbstractHandlerMethodMapping.java:515 Mapped "{[/_preauthsvc/user/forgotPassword],produces=[application/json]}" onto public com.collager.trillo.pojo.Result com.collager.trillo.security.controller.UserAuthController.forgotPassword(java.util.Map<java.lang.String, java.lang.Object>,org.springframework.validation.BindingResult)
Feb 04 01:21:44 INFO main AbstractHandlerMethodMapping.java:515 Mapped "{[/_refreshRoutes/{orgName}],methods=[GET]}" onto public com.collager.trillo.pojo.Result com.collager.trillo.controller.ApiMgmtController.refreshRouteRepos(java.lang.String,javax.servlet.http.HttpServletRequest,javax.servlet.http.HttpServletResponse)
Feb 04 01:21:44 INFO main AbstractHandlerMethodMapping.java:515 Mapped "{[/_view/{appName}/{viewName}],methods=[GET],produces=[application/json]}" onto public com.collager.trillo.pojo.Result com.collager.trillo.controller.AppController.getView(java.lang.String,java.lang.String,org.springframework.ui.Model,javax.servlet.http.HttpServletRequest)
Feb 04 01:21:44 INFO main AbstractHandlerMethodMapping.java:515 Mapped "{[/_view/{viewName}],methods=[GET],produces=[application/json]}" onto public com.collager.trillo.pojo.Result com.collager.trillo.controller.AppController.getView(java.lang.String,org.springframework.ui.Model,javax.servlet.http.HttpServletRequest)
Feb 04 01:21:44 INFO main AbstractHandlerMethodMapping.java:515 Mapped "{[/],methods=[GET]}" onto public java.lang.String com.collager.trillo.controller.AppController.bootAppByParameter(org.springframework.ui.Model,java.lang.String,java.lang.String,java.lang.String,javax.servlet.http.HttpServletRequest,org.springframework.web.servlet.mvc.support.RedirectAttributes)
Feb 04 01:21:44 INFO main AbstractHandlerMethodMapping.java:515 Mapped "{[/_loadCatalogs],produces=[application/json]}" onto public java.lang.String com.collager.trillo.controller.AppController.loadCatalogs(java.lang.String,javax.servlet.http.HttpServletRequest)
Feb 04 01:21:44 INFO main AbstractHandlerMethodMapping.java:515 Mapped "{[/_loadTestData],produces=[application/json]}" onto public java.lang.String com.collager.trillo.controller.AppController.loadTestData(java.lang.String,java.lang.String,javax.servlet.http.HttpServletRequest)
Feb 04 01:21:44 INFO main AbstractHandlerMethodMapping.java:515 Mapped "{[/_error/_invalidate],methods=[GET],produces=[text/html]}" onto public java.lang.String com.collager.trillo.controller.ErrorController.invalidate(javax.servlet.http.HttpServletRequest,javax.servlet.http.HttpServletResponse)
Feb 04 01:21:44 INFO main AbstractHandlerMethodMapping.java:515 Mapped "{[/_error/_generic]}" onto public org.springframework.web.servlet.ModelAndView com.collager.trillo.controller.ErrorController.genericError(org.springframework.ui.ModelMap,javax.servlet.http.HttpServletRequest,javax.servlet.http.HttpServletResponse,java.lang.String)
Feb 04 01:21:44 INFO main AbstractHandlerMethodMapping.java:515 Mapped "{[/_file/**],methods=[GET]}" onto public void com.collager.trillo.controller.FileController.getFile(javax.servlet.http.HttpServletRequest,javax.servlet.http.HttpServletResponse)
Feb 04 01:21:44 INFO main AbstractHandlerMethodMapping.java:515 Mapped "{[/_filelist/**],methods=[GET],produces=[application/json]}" onto public java.lang.Object com.collager.trillo.controller.FileController.getFileList(java.lang.String,javax.servlet.http.HttpServletRequest,javax.servlet.http.HttpServletResponse)
Feb 04 01:21:44 INFO main AbstractHandlerMethodMapping.java:515 Mapped "{[/_file/upload],methods=[POST]}" onto public org.springframework.web.servlet.ModelAndView com.collager.trillo.controller.FileController.fileUpload(org.springframework.ui.Model,org.springframework.web.multipart.MultipartFile,java.lang.String,java.lang.String,java.lang.String,java.lang.String,javax.servlet.http.HttpServletRequest)
Feb 04 01:21:44 INFO main AbstractHandlerMethodMapping.java:515 Mapped "{[/{orgName}/{appName}/static/**],methods=[GET]}" onto public void com.collager.trillo.controller.ResourceController.getResource(java.lang.String,javax.servlet.http.HttpServletRequest,javax.servlet.http.HttpServletResponse)
Feb 04 01:21:44 INFO main AbstractHandlerMethodMapping.java:515 Mapped "{[/_template/enum],produces=[application/json]}" onto public java.lang.String com.collager.trillo.controller.TemplateController.getEnum(java.lang.String,java.lang.String,javax.servlet.http.HttpServletRequest)
Feb 04 01:21:44 INFO main AbstractHandlerMethodMapping.java:515 Mapped "{[/_template/viewTree],produces=[application/json]}" onto public com.collager.trillo.model.TreeNodeM com.collager.trillo.controller.TemplateController.viewTree(javax.servlet.http.HttpServletRequest)
Feb 04 01:21:44 INFO main AbstractHandlerMethodMapping.java:515 Mapped "{[/_template/jsTree],produces=[application/json]}" onto public com.collager.trillo.model.TreeNodeM com.collager.trillo.controller.TemplateController.jsTree(javax.servlet.http.HttpServletRequest)
Feb 04 01:21:44 INFO main AbstractHandlerMethodMapping.java:515 Mapped "{[/_template/jsDetail],produces=[application/json]}" onto public com.collager.trillo.model.FileM com.collager.trillo.controller.TemplateController.jsDetail(java.lang.String,javax.servlet.http.HttpServletRequest)
Feb 04 01:21:44 INFO main AbstractHandlerMethodMapping.java:515 Mapped "{[/_template/cssTree],produces=[application/json]}" onto public com.collager.trillo.model.TreeNodeM com.collager.trillo.controller.TemplateController.cssTree(javax.servlet.http.HttpServletRequest)
Feb 04 01:21:44 INFO main AbstractHandlerMethodMapping.java:515 Mapped "{[/_template/cssDetail],produces=[application/json]}" onto public com.collager.trillo.model.FileM com.collager.trillo.controller.TemplateController.cssDetail(java.lang.String,javax.servlet.http.HttpServletRequest)
Feb 04 01:21:44 INFO main AbstractHandlerMethodMapping.java:515 Mapped "{[/_template/imgTree],produces=[application/json]}" onto public com.collager.trillo.model.TreeNodeM com.collager.trillo.controller.TemplateController.imgTree(javax.servlet.http.HttpServletRequest)
Feb 04 01:21:44 INFO main AbstractHandlerMethodMapping.java:515 Mapped "{[/_template/enumTree],produces=[application/json]}" onto public com.collager.trillo.model.TreeNodeM com.collager.trillo.controller.TemplateController.enumTree(javax.servlet.http.HttpServletRequest)
Feb 04 01:21:44 INFO main AbstractHandlerMethodMapping.java:515 Mapped "{[/_template/enumDetail],produces=[application/json]}" onto public com.collager.trillo.model.FileM com.collager.trillo.controller.TemplateController.enumDetail(java.lang.String,javax.servlet.http.HttpServletRequest)
Feb 04 01:21:44 INFO main AbstractHandlerMethodMapping.java:515 Mapped "{[/_template/stringTree],produces=[application/json]}" onto public com.collager.trillo.model.TreeNodeM com.collager.trillo.controller.TemplateController.stringTree(javax.servlet.http.HttpServletRequest)
Feb 04 01:21:44 INFO main AbstractHandlerMethodMapping.java:515 Mapped "{[/_template/stringDetail],produces=[application/json]}" onto public com.collager.trillo.model.FileM com.collager.trillo.controller.TemplateController.stringDetail(java.lang.String,javax.servlet.http.HttpServletRequest)
Feb 04 01:21:44 INFO main AbstractHandlerMethodMapping.java:515 Mapped "{[/_subscribe],produces=[application/json]}" onto public com.collager.trillo.pojo.Result com.collager.trillo.controller.WebSocketController.subscribe(java.lang.String,java.lang.String)
Feb 04 01:21:44 INFO main AbstractHandlerMethodMapping.java:515 Mapped "{[/_unsubscribe],produces=[application/json]}" onto public com.collager.trillo.pojo.Result com.collager.trillo.controller.WebSocketController.unsubscribe(java.lang.String,java.lang.String)
Feb 04 01:21:44 INFO main AbstractHandlerMethodMapping.java:515 Mapped "{[/error]}" onto public org.springframework.http.ResponseEntity<java.util.Map<java.lang.String, java.lang.Object>> org.springframework.boot.autoconfigure.web.BasicErrorController.error(javax.servlet.http.HttpServletRequest)
Feb 04 01:21:44 INFO main AbstractHandlerMethodMapping.java:515 Mapped "{[/error],produces=[text/html]}" onto public org.springframework.web.servlet.ModelAndView org.springframework.boot.autoconfigure.web.BasicErrorController.errorHtml(javax.servlet.http.HttpServletRequest)
Feb 04 01:21:44 INFO main AbstractUrlHandlerMapping.java:341 Mapped URL path [/webjars/**] onto handler of type [class org.springframework.web.servlet.resource.ResourceHttpRequestHandler]
Feb 04 01:21:44 INFO main AbstractUrlHandlerMapping.java:341 Mapped URL path [/**] onto handler of type [class org.springframework.web.servlet.resource.ResourceHttpRequestHandler]
Feb 04 01:21:45 INFO main VelocityConfigurer.java:140 ClasspathResourceLoader with name 'springMacro' added to configured VelocityEngine
Feb 04 01:21:45 WARN main ArchaiusAutoConfiguration.java:137 No spring.application.name found, defaulting to 'application'
Feb 04 01:21:45 WARN main URLConfigurationSource.java:121 No URLs will be polled as dynamic configuration sources.
Feb 04 01:21:45 INFO main URLConfigurationSource.java:122 To enable URLs as dynamic configuration sources, define System property archaius.configurationSource.additionalUrls or make config.properties available on classpath.
Feb 04 01:21:45 INFO main MBeanExporter.java:431 Registering beans for JMX exposure on startup
Feb 04 01:21:45 INFO main MBeanExporter.java:912 Bean with name 'zuulEndpoint' has been autodetected for JMX exposure
Feb 04 01:21:45 INFO main MBeanExporter.java:912 Bean with name 'configurationPropertiesRebinder' has been autodetected for JMX exposure
Feb 04 01:21:45 INFO main MBeanExporter.java:912 Bean with name 'refreshEndpoint' has been autodetected for JMX exposure
Feb 04 01:21:45 INFO main MBeanExporter.java:912 Bean with name 'restartEndpoint' has been autodetected for JMX exposure
Feb 04 01:21:45 INFO main MBeanExporter.java:912 Bean with name 'refreshScope' has been autodetected for JMX exposure
Feb 04 01:21:45 INFO main MBeanExporter.java:912 Bean with name 'environmentManager' has been autodetected for JMX exposure
Feb 04 01:21:45 INFO main MBeanExporter.java:674 Located managed bean 'environmentManager': registering with JMX server as MBean [org.springframework.cloud.context.environment:name=environmentManager,type=EnvironmentManager]
Feb 04 01:21:45 INFO main MBeanExporter.java:674 Located managed bean 'restartEndpoint': registering with JMX server as MBean [org.springframework.cloud.context.restart:name=restartEndpoint,type=RestartEndpoint]
Feb 04 01:21:45 INFO main MBeanExporter.java:674 Located managed bean 'refreshScope': registering with JMX server as MBean [org.springframework.cloud.context.scope.refresh:name=refreshScope,type=RefreshScope]
Feb 04 01:21:45 INFO main MBeanExporter.java:674 Located managed bean 'zuulEndpoint': registering with JMX server as MBean [org.springframework.cloud.netflix.zuul:name=zuulEndpoint,type=RoutesEndpoint]
Feb 04 01:21:45 INFO main MBeanExporter.java:674 Located managed bean 'configurationPropertiesRebinder': registering with JMX server as MBean [org.springframework.cloud.context.properties:name=configurationPropertiesRebinder,context=b00e54c,type=ConfigurationPropertiesRebinder]
Feb 04 01:21:45 INFO main MBeanExporter.java:674 Located managed bean 'refreshEndpoint': registering with JMX server as MBean [org.springframework.cloud.endpoint:name=refreshEndpoint,type=RefreshEndpoint]
Feb 04 01:21:45 INFO main MBeanExporter.java:431 Registering beans for JMX exposure on startup
Feb 04 01:21:45 INFO main DefaultLifecycleProcessor.java:341 Starting beans in phase 0
Feb 04 01:21:45 INFO main MBeanExporter.java:674 Located managed bean 'requestMappingEndpoint': registering with JMX server as MBean [org.springframework.boot:type=Endpoint,name=requestMappingEndpoint]
Feb 04 01:21:45 INFO main MBeanExporter.java:674 Located managed bean 'environmentEndpoint': registering with JMX server as MBean [org.springframework.boot:type=Endpoint,name=environmentEndpoint]
Feb 04 01:21:45 INFO main MBeanExporter.java:674 Located managed bean 'healthEndpoint': registering with JMX server as MBean [org.springframework.boot:type=Endpoint,name=healthEndpoint]
Feb 04 01:21:45 INFO main MBeanExporter.java:674 Located managed bean 'beansEndpoint': registering with JMX server as MBean [org.springframework.boot:type=Endpoint,name=beansEndpoint]
Feb 04 01:21:45 INFO main MBeanExporter.java:674 Located managed bean 'infoEndpoint': registering with JMX server as MBean [org.springframework.boot:type=Endpoint,name=infoEndpoint]
Feb 04 01:21:45 INFO main MBeanExporter.java:674 Located managed bean 'metricsEndpoint': registering with JMX server as MBean [org.springframework.boot:type=Endpoint,name=metricsEndpoint]
Feb 04 01:21:45 INFO main MBeanExporter.java:674 Located managed bean 'traceEndpoint': registering with JMX server as MBean [org.springframework.boot:type=Endpoint,name=traceEndpoint]
Feb 04 01:21:45 INFO main MBeanExporter.java:674 Located managed bean 'dumpEndpoint': registering with JMX server as MBean [org.springframework.boot:type=Endpoint,name=dumpEndpoint]
Feb 04 01:21:45 INFO main MBeanExporter.java:674 Located managed bean 'autoConfigurationReportEndpoint': registering with JMX server as MBean [org.springframework.boot:type=Endpoint,name=autoConfigurationReportEndpoint]
Feb 04 01:21:45 INFO main MBeanExporter.java:674 Located managed bean 'configurationPropertiesReportEndpoint': registering with JMX server as MBean [org.springframework.boot:type=Endpoint,name=configurationPropertiesReportEndpoint]
Feb 04 01:21:45 INFO main MBeanExporter.java:674 Located managed bean 'archaiusEndpoint': registering with JMX server as MBean [org.springframework.boot:type=Endpoint,name=archaiusEndpoint]
Feb 04 01:21:45 INFO main DefaultLifecycleProcessor.java:341 Starting beans in phase 2147483647
Feb 04 01:21:45 INFO main AbstractBrokerMessageHandler.java:157 Starting...
Feb 04 01:21:45 INFO main AbstractBrokerMessageHandler.java:260 BrokerAvailabilityEvent[available=true, SimpleBrokerMessageHandler [DefaultSubscriptionRegistry[cache[0 destination(s)], registry[0 sessions]]]]
Feb 04 01:21:45 INFO main AbstractBrokerMessageHandler.java:166 Started.
Feb 04 01:21:45 INFO main HystrixCircuitBreakerConfiguration.java:138 Starting poller
Feb 04 01:21:45 INFO main ContextRefreshedEventListener.java:58 Meta model root: ../applications
Feb 04 01:21:45 INFO main RF.java:54 System is not watching repo changes
Feb 04 01:21:45 INFO main RRF.java:50 System is not watching route repo changes
Feb 04 01:21:46 INFO main DirectJDKLog.java:180 Initializing ProtocolHandler ["http-nio-8090"]
Feb 04 01:21:46 INFO main DirectJDKLog.java:180 Starting ProtocolHandler ["http-nio-8090"]
Feb 04 01:21:46 INFO main DirectJDKLog.java:180 Using a shared selector for servlet write/read
Feb 04 01:21:46 INFO main TomcatEmbeddedServletContainer.java:162 Tomcat started on port(s): 8090 (http)
Feb 04 01:21:46 INFO main StartupInfoLogger.java:57 Started TrilloServer in 13.38 seconds (JVM running for 14.964)
Feb 04 01:21:57 INFO http-nio-8090-exec-1 DirectJDKLog.java:180 Initializing Spring FrameworkServlet 'dispatcherServlet'
Feb 04 01:21:57 INFO http-nio-8090-exec-1 FrameworkServlet.java:488 FrameworkServlet 'dispatcherServlet': initialization started
Feb 04 01:21:57 INFO http-nio-8090-exec-1 FrameworkServlet.java:507 FrameworkServlet 'dispatcherServlet': initialization completed in 32 ms
Feb 04 01:21:57 INFO http-nio-8090-exec-1 AbstractUrlHandlerMapping.java:341 Mapped URL path [/api/**] onto handler of type [class org.springframework.cloud.netflix.zuul.web.ZuulController]
Feb 04 01:21:57 INFO http-nio-8090-exec-1 ViewRepo.java:64 ViewRepo.init() - ../applications/org1
Feb 04 01:21:57 INFO http-nio-8090-exec-1 ViewRepo.java:503 ViewRepo.loadOrgFile() - loading org file: org.json
Feb 04 01:21:57 INFO http-nio-8090-exec-1 ViewRepo.java:522 ViewRepo.loadAppList() - loading app list file: AppList.json
Feb 04 01:21:57 INFO http-nio-8090-exec-1 AppController.java:212 Loading page: org1/Dashboard boot page view name: Dashboard
Feb 04 01:21:57 INFO http-nio-8090-exec-1 ViewRepo.java:563 ViewRepo.scanAppDir() - Dashboard,static/js, JavaScriptM
Feb 04 01:21:57 INFO http-nio-8090-exec-1 ViewRepo.java:555 ViewRepo.scanAppDir() - static/js, JavaScriptM
Feb 04 01:21:57 INFO http-nio-8090-exec-1 ViewRepo.java:570 ViewRepo.scanDir() Dashboard/static/js for class: JavaScriptM
Feb 04 01:21:58 INFO http-nio-8090-exec-8 ViewRepo.java:361 ViewRepo.loadCatalogs() - Dashboard
Feb 04 01:21:58 INFO http-nio-8090-exec-8 ViewRepo.java:563 ViewRepo.scanAppDir() - shared,enum, EnumM
Feb 04 01:21:58 INFO http-nio-8090-exec-8 ViewRepo.java:555 ViewRepo.scanAppDir() - enum, EnumM
Feb 04 01:21:58 INFO http-nio-8090-exec-8 ViewRepo.java:570 ViewRepo.scanDir() shared/enum for class: EnumM
Feb 04 01:21:58 INFO http-nio-8090-exec-8 ViewRepo.java:563 ViewRepo.scanAppDir() - Dashboard,enum, EnumM
Feb 04 01:21:58 INFO http-nio-8090-exec-8 ViewRepo.java:555 ViewRepo.scanAppDir() - enum, EnumM
Feb 04 01:21:58 INFO http-nio-8090-exec-8 ViewRepo.java:570 ViewRepo.scanDir() Dashboard/enum for class: EnumM
Feb 04 01:21:58 INFO http-nio-8090-exec-8 ViewRepo.java:563 ViewRepo.scanAppDir() - shared,string, StringM
Feb 04 01:21:58 INFO http-nio-8090-exec-8 ViewRepo.java:555 ViewRepo.scanAppDir() - string, StringM
Feb 04 01:21:58 INFO http-nio-8090-exec-8 ViewRepo.java:570 ViewRepo.scanDir() shared/string for class: StringM
Feb 04 01:21:58 INFO http-nio-8090-exec-8 ViewRepo.java:563 ViewRepo.scanAppDir() - Dashboard,string, StringM
Feb 04 01:21:58 INFO http-nio-8090-exec-8 ViewRepo.java:555 ViewRepo.scanAppDir() - string, StringM
Feb 04 01:21:58 INFO http-nio-8090-exec-8 ViewRepo.java:570 ViewRepo.scanDir() Dashboard/string for class: StringM
Feb 04 01:21:58 INFO http-nio-8090-exec-9 AppController.java:236 Loading view: Dashboard/DashboardNav
Feb 04 01:21:58 INFO http-nio-8090-exec-1 AppController.java:236 Loading view: Dashboard/Dashboard1
Feb 04 01:21:58 INFO http-nio-8090-exec-4 AppController.java:236 Loading view: Dashboard/U
Feb 04 01:21:58 INFO http-nio-8090-exec-5 AppController.java:236 Loading view: Dashboard/V
Feb 04 01:21:58 INFO http-nio-8090-exec-7 AppController.java:236 Loading view: Dashboard/X
Feb 04 01:21:58 INFO http-nio-8090-exec-2 AppController.java:236 Loading view: Dashboard/Y
Feb 04 01:21:58 INFO http-nio-8090-exec-8 AppController.java:236 Loading view: Dashboard/ChartView1
Feb 04 01:21:58 INFO http-nio-8090-exec-10 ViewRepo.java:405 ViewRepo.loadTestData() - Dashboard, ChartView1
Feb 04 01:21:58 INFO http-nio-8090-exec-9 AppController.java:236 Loading view: Dashboard/ChartView2
Feb 04 01:21:58 INFO http-nio-8090-exec-1 ViewRepo.java:405 ViewRepo.loadTestData() - Dashboard, ChartView2
Feb 04 01:21:58 INFO http-nio-8090-exec-3 AppController.java:236 Loading view: Dashboard/ChartView3
Feb 04 01:21:58 INFO http-nio-8090-exec-6 ViewRepo.java:405 ViewRepo.loadTestData() - Dashboard, ChartView3
Feb 04 01:21:59 INFO http-nio-8090-exec-4 AppController.java:236 Loading view: Dashboard/ChartView4
Feb 04 01:21:59 INFO http-nio-8090-exec-5 ViewRepo.java:405 ViewRepo.loadTestData() - Dashboard, ChartView4
Feb 04 01:21:59 INFO http-nio-8090-exec-7 AppController.java:236 Loading view: Dashboard/ChartView5
Feb 04 01:21:59 INFO http-nio-8090-exec-2 ViewRepo.java:405 ViewRepo.loadTestData() - Dashboard, ChartView5
Feb 04 01:21:59 INFO http-nio-8090-exec-8 AppController.java:236 Loading view: Dashboard/ChartView6
Feb 04 01:21:59 INFO http-nio-8090-exec-10 ViewRepo.java:405 ViewRepo.loadTestData() - Dashboard, ChartView6
Feb 04 01:21:59 INFO http-nio-8090-exec-9 AppController.java:236 Loading view: Dashboard/ChartView7
Feb 04 01:21:59 INFO http-nio-8090-exec-1 ViewRepo.java:405 ViewRepo.loadTestData() - Dashboard, ChartView7
Feb 04 01:22:16 INFO Thread-6 AbstractApplicationContext.java:957 Closing org.springframework.boot.context.embedded.AnnotationConfigEmbeddedWebApplicationContext@b00e54c: startup date [Sat Feb 04 01:21:34 PST 2017]; parent: org.springframework.context.annotation.AnnotationConfigApplicationContext@20438bba
